[debug] [2024-12-06T19:53:25.475Z] ----------------------------------------------------------------------
[debug] [2024-12-06T19:53:25.481Z] Command:       /usr/local/bin/node /opt/anaconda3/bin/firebase init hosting
[debug] [2024-12-06T19:53:25.481Z] CLI Version:   13.28.0
[debug] [2024-12-06T19:53:25.481Z] Platform:      darwin
[debug] [2024-12-06T19:53:25.481Z] Node Version:  v22.12.0
[debug] [2024-12-06T19:53:25.482Z] Time:          Sat Dec 07 2024 01:23:25 GMT+0530 (India Standard Time)
[debug] [2024-12-06T19:53:25.482Z] ----------------------------------------------------------------------
[debug] 
[debug] [2024-12-06T19:53:25.488Z] > command requires scopes: ["email","openid","https://www.googleapis.com/auth/cloudplatformprojects.readonly","https://www.googleapis.com/auth/firebase","https://www.googleapis.com/auth/cloud-platform"]
[debug] [2024-12-06T19:53:25.488Z] > authorizing via signed-in user (smrititiwari2016@gmail.com)
[info] 
     ######## #### ########  ######## ########     ###     ######  ########
     ##        ##  ##     ## ##       ##     ##  ##   ##  ##       ##
     ######    ##  ########  ######   ########  #########  ######  ######
     ##        ##  ##    ##  ##       ##     ## ##     ##       ## ##
     ##       #### ##     ## ######## ########  ##     ##  ######  ########

You're about to initialize a Firebase project in this directory:

  /Users/smrititiwari/Desktop/brown-book-house

[info] 
=== Project Setup
[info] 
[info] First, let's associate this project directory with a Firebase project.
[info] You can create multiple project aliases by running firebase use --add, 
[info] but for now we'll just set up a default project.
[info] 
[debug] [2024-12-06T19:53:33.347Z] Checked if tokens are valid: true, expires at: 1733518135137
[debug] [2024-12-06T19:53:33.348Z] Checked if tokens are valid: true, expires at: 1733518135137
[debug] [2024-12-06T19:53:33.349Z] >>> [apiv2][query] GET https://firebase.googleapis.com/v1beta1/projects pageSize=100
[debug] [2024-12-06T19:53:34.263Z] <<< [apiv2][status] GET https://firebase.googleapis.com/v1beta1/projects 200
[debug] [2024-12-06T19:53:34.264Z] <<< [apiv2][body] GET https://firebase.googleapis.com/v1beta1/projects [omitted]
[info] i  Using project brownbookhouse (BrownBookHouse) 
[info] 
=== Hosting Setup
[debug] [2024-12-06T19:53:37.377Z] Checked if tokens are valid: true, expires at: 1733518135137
[debug] [2024-12-06T19:53:37.377Z] Checked if tokens are valid: true, expires at: 1733518135137
[debug] [2024-12-06T19:53:37.377Z] >>> [apiv2][query] GET https://firebase.googleapis.com/v1beta1/projects/brownbookhouse [none]
[debug] [2024-12-06T19:53:37.938Z] <<< [apiv2][status] GET https://firebase.googleapis.com/v1beta1/projects/brownbookhouse 200
[debug] [2024-12-06T19:53:37.939Z] <<< [apiv2][body] GET https://firebase.googleapis.com/v1beta1/projects/brownbookhouse {"projectId":"brownbookhouse","projectNumber":"810809839123","displayName":"BrownBookHouse","name":"projects/brownbookhouse","resources":{"hostingSite":"brownbookhouse","realtimeDatabaseInstance":"brownbookhouse-default-rtdb"},"state":"ACTIVE","etag":"1_ad9574ff-ba7f-4973-93fc-da24847f562a"}
[info] 
[info] Your public directory is the folder (relative to your project directory) that
[info] will contain Hosting assets to be uploaded with firebase deploy. If you
[info] have a build process for your assets, use your build's output directory.
[info] 
[debug] [2024-12-06T19:53:45.508Z] >>> [apiv2][query] GET https://www.gstatic.com/firebasejs/releases.json [none]
[debug] [2024-12-06T19:53:45.586Z] <<< [apiv2][status] GET https://www.gstatic.com/firebasejs/releases.json 200
[debug] [2024-12-06T19:53:45.586Z] <<< [apiv2][body] GET https://www.gstatic.com/firebasejs/releases.json {"current":{"version":"11.0.2","browserURL":"https://www.gstatic.com/firebasejs/11.0.2/firebase.js","packageURL":"https://www.gstatic.com/firebasejs/11.0.2/firebase.tgz"},"live":{"version":"11.0","browserURL":"https://www.gstatic.com/firebasejs/live/11.0/firebase.js","packageURL":"https://www.gstatic.com/firebasejs/live/11.0/firebase.tgz"},"components":{"analytics":"https://www.gstatic.com/firebasejs/11.0.2/firebase-analytics.js","app":"https://www.gstatic.com/firebasejs/11.0.2/firebase-app.js","app-check":"https://www.gstatic.com/firebasejs/11.0.2/firebase-app-check.js","auth":"https://www.gstatic.com/firebasejs/11.0.2/firebase-auth.js","auth/cordova":"https://www.gstatic.com/firebasejs/11.0.2/firebase-auth/cordova.js","auth/web-extension":"https://www.gstatic.com/firebasejs/11.0.2/firebase-auth/web-extension.js","functions":"https://www.gstatic.com/firebasejs/11.0.2/firebase-functions.js","firestore":"https://www.gstatic.com/firebasejs/11.0.2/firebase-firestore.js","firestore/lite":"https://www.gstatic.com/firebasejs/11.0.2/firebase-firestore/lite.js","installations":"https://www.gstatic.com/firebasejs/11.0.2/firebase-installations.js","storage":"https://www.gstatic.com/firebasejs/11.0.2/firebase-storage.js","performance":"https://www.gstatic.com/firebasejs/11.0.2/firebase-performance.js","remote-config":"https://www.gstatic.com/firebasejs/11.0.2/firebase-remote-config.js","messaging":"https://www.gstatic.com/firebasejs/11.0.2/firebase-messaging.js","messaging/sw":"https://www.gstatic.com/firebasejs/11.0.2/firebase-messaging/sw.js","database":"https://www.gstatic.com/firebasejs/11.0.2/firebase-database.js","vertexai":"https://www.gstatic.com/firebasejs/11.0.2/firebase-vertexai.js","data-connect":"https://www.gstatic.com/firebasejs/11.0.2/firebase-data-connect.js","firestore.memory":"https://www.gstatic.com/firebasejs/11.0.2/firebase-firestore.memory.js"}}
[info] ✔  Wrote public/index.html 
[info] 
[info] i  Detected a .git folder at /Users/smrititiwari/Desktop/brown-book-house 
[info] i  Authorizing with GitHub to upload your service account to a GitHub repository's secrets store. 
[info] 
[info] Visit this URL on this device to log in:
[info] https://github.com/login/oauth/authorize?client_id=89cf50f02ac6aaed3484&state=92048605&redirect_uri=http%3A%2F%2Flocalhost%3A9005&scope=read%3Auser%20repo%20public_repo
[info] 
[info] Waiting for authentication...
[debug] [2024-12-06T19:54:03.409Z] >>> [apiv2][query] POST https://github.com/login/oauth/access_token [none]
[debug] [2024-12-06T19:54:03.410Z] >>> [apiv2][body] POST https://github.com/login/oauth/access_token [stream]
[debug] [2024-12-06T19:54:03.770Z] <<< [apiv2][status] POST https://github.com/login/oauth/access_token 200
[debug] [2024-12-06T19:54:03.770Z] <<< [apiv2][body] POST https://github.com/login/oauth/access_token {"access_token":"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","token_type":"bearer","scope":"read:user,repo"}
[debug] [2024-12-06T19:54:03.789Z] >>> [apiv2][query] GET https://api.github.com/user [none]
[debug] [2024-12-06T19:54:04.238Z] <<< [apiv2][status] GET https://api.github.com/user 200
[debug] [2024-12-06T19:54:04.238Z] <<< [apiv2][body] GET https://api.github.com/user {"login":"seepls","id":40840674,"node_id":"MDQ6VXNlcjQwODQwNjc0","avatar_url":"https://avatars.githubusercontent.com/u/40840674?v=4","gravatar_id":"","url":"https://api.github.com/users/seepls","html_url":"https://github.com/seepls","followers_url":"https://api.github.com/users/seepls/followers","following_url":"https://api.github.com/users/seepls/following{/other_user}","gists_url":"https://api.github.com/users/seepls/gists{/gist_id}","starred_url":"https://api.github.com/users/seepls/starred{/owner}{/repo}","subscriptions_url":"https://api.github.com/users/seepls/subscriptions","organizations_url":"https://api.github.com/users/seepls/orgs","repos_url":"https://api.github.com/users/seepls/repos","events_url":"https://api.github.com/users/seepls/events{/privacy}","received_events_url":"https://api.github.com/users/seepls/received_events","type":"User","user_view_type":"private","site_admin":false,"name":"Smriti Tiwari","company":null,"blog":"seepls.github.io","location":"IIT Kharagpur ","email":"smrititiwari2016@gmail.com","hireable":true,"bio":"MSc. Mathematics and Computing |\r\nCQF batch 2022 |\r\nFinancial Models and Mathematics.","twitter_username":"Smriti_Tiwari_","notification_email":"smrititiwari2016@gmail.com","public_repos":131,"public_gists":13,"followers":63,"following":138,"created_at":"2018-07-04T21:25:59Z","updated_at":"2024-12-04T21:03:08Z","private_gists":10,"total_private_repos":30,"owned_private_repos":30,"disk_usage":79944,"collaborators":0,"two_factor_authentication":true,"plan":{"name":"free","space":976562499,"collaborators":0,"private_repos":10000}}
[info] 
[info] ✔  Success! Logged into GitHub as seepls 
[info] 
